2020-10-08 17:37:46,396 INFO o.a.j.u.JMeterUtils: Setting Locale to en_EN
2020-10-08 17:37:46,406 INFO o.a.j.JMeter: Loading user properties from: user.properties
2020-10-08 17:37:46,406 INFO o.a.j.JMeter: Loading system properties from: system.properties
2020-10-08 17:37:46,410 INFO o.a.j.JMeter: Copyright (c) 1998-2019 The Apache Software Foundation
2020-10-08 17:37:46,410 INFO o.a.j.JMeter: Version 5.1 r1853635
2020-10-08 17:37:46,411 INFO o.a.j.JMeter: java.version=1.8.0_261
2020-10-08 17:37:46,411 INFO o.a.j.JMeter: java.vm.name=Java HotSpot(TM) Client VM
2020-10-08 17:37:46,411 INFO o.a.j.JMeter: os.name=Windows 10
2020-10-08 17:37:46,411 INFO o.a.j.JMeter: os.arch=x86
2020-10-08 17:37:46,411 INFO o.a.j.JMeter: os.version=10.0
2020-10-08 17:37:46,411 INFO o.a.j.JMeter: file.encoding=Cp1251
2020-10-08 17:37:46,411 INFO o.a.j.JMeter: java.awt.headless=true
2020-10-08 17:37:46,411 INFO o.a.j.JMeter: Max memory     =1073741824
2020-10-08 17:37:46,411 INFO o.a.j.JMeter: Available Processors =8
2020-10-08 17:37:46,414 INFO o.a.j.JMeter: Default Locale=English (EN)
2020-10-08 17:37:46,414 INFO o.a.j.JMeter: JMeter  Locale=English (EN)
2020-10-08 17:37:46,414 INFO o.a.j.JMeter: JMeterHome=C:\Users\user\Downloads\apache-jmeter-5.1\apache-jmeter-5.1
2020-10-08 17:37:46,414 INFO o.a.j.JMeter: user.dir  =C:\Users\user\Downloads\apache-jmeter-5.1\apache-jmeter-5.1\bin
2020-10-08 17:37:46,414 INFO o.a.j.JMeter: PWD       =C:\Users\user\Downloads\apache-jmeter-5.1\apache-jmeter-5.1\bin
2020-10-08 17:37:57,510 INFO o.a.j.JMeter: IP: 192.168.168.2 Name: DESKTOP-K3V31HM FullName: 192.168.168.2
2020-10-08 17:37:57,517 INFO o.a.j.s.FileServer: Default base='C:\Users\user\Downloads\apache-jmeter-5.1\apache-jmeter-5.1\bin'
2020-10-08 17:37:57,524 INFO o.a.j.s.FileServer: Set new base='C:\Users\user\Downloads\apache-jmeter-5.1\apache-jmeter-5.1\bin'
2020-10-08 17:37:57,629 INFO o.a.j.s.SaveService: Testplan (JMX) version: 2.2. Testlog (JTL) version: 2.2
2020-10-08 17:37:57,637 INFO o.a.j.s.SaveService: Using SaveService properties file encoding UTF-8
2020-10-08 17:37:57,641 INFO o.a.j.s.SaveService: Using SaveService properties version 5.0
2020-10-08 17:37:57,645 INFO o.a.j.s.SaveService: Loading file: mantis1-2.jmx
2020-10-08 17:37:57,684 INFO o.a.j.p.h.c.CookieManager: Settings: Delete null: true Check: true Allow variable: true Save: false Prefix: COOKIE_
2020-10-08 17:37:57,687 INFO o.a.j.p.h.c.CacheManager: Will only cache the following methods: [GET]
2020-10-08 17:37:57,689 INFO o.a.j.s.SampleResult: Note: Sample TimeStamps are START times
2020-10-08 17:37:57,690 INFO o.a.j.s.SampleResult: sampleresult.default.encoding is set to ISO-8859-1
2020-10-08 17:37:57,690 INFO o.a.j.s.SampleResult: sampleresult.useNanoTime=true
2020-10-08 17:37:57,690 INFO o.a.j.s.SampleResult: sampleresult.nanoThreadSleep=5000
2020-10-08 17:37:57,715 INFO o.a.j.p.h.s.HTTPSamplerBase: Parser for text/html is org.apache.jmeter.protocol.http.parser.LagartoBasedHtmlParser
2020-10-08 17:37:57,715 INFO o.a.j.p.h.s.HTTPSamplerBase: Parser for application/xhtml+xml is org.apache.jmeter.protocol.http.parser.LagartoBasedHtmlParser
2020-10-08 17:37:57,715 INFO o.a.j.p.h.s.HTTPSamplerBase: Parser for application/xml is org.apache.jmeter.protocol.http.parser.LagartoBasedHtmlParser
2020-10-08 17:37:57,715 INFO o.a.j.p.h.s.HTTPSamplerBase: Parser for text/xml is org.apache.jmeter.protocol.http.parser.LagartoBasedHtmlParser
2020-10-08 17:37:57,715 INFO o.a.j.p.h.s.HTTPSamplerBase: Parser for text/vnd.wap.wml is org.apache.jmeter.protocol.http.parser.RegexpHTMLParser
2020-10-08 17:37:57,715 INFO o.a.j.p.h.s.HTTPSamplerBase: Parser for text/css is org.apache.jmeter.protocol.http.parser.CssParser
2020-10-08 17:37:57,739 INFO o.a.j.JMeter: Creating summariser <summary>
2020-10-08 17:37:57,745 INFO o.a.j.e.StandardJMeterEngine: Running the test!
2020-10-08 17:37:57,746 INFO o.a.j.s.SampleEvent: List of sample_variables: []
2020-10-08 17:37:57,746 INFO o.a.j.s.SampleEvent: List of sample_variables: []
2020-10-08 17:37:57,751 INFO o.a.j.e.u.CompoundVariable: Note: Function class names must contain the string: '.functions.'
2020-10-08 17:37:57,751 INFO o.a.j.e.u.CompoundVariable: Note: Function class names must not contain the string: '.gui.'
2020-10-08 17:37:58,014 INFO o.a.j.v.b.BackendListener: Backend Listener: Starting worker with class: class org.apache.jmeter.visualizers.backend.influxdb.InfluxdbBackendListenerClient and queue capacity: 5000
2020-10-08 17:37:58,015 INFO o.a.j.v.b.BackendListener: Backend Listener: Started  worker with class: class org.apache.jmeter.visualizers.backend.influxdb.InfluxdbBackendListenerClient
2020-10-08 17:37:59,717 INFO o.a.j.JMeter: Running test (1602164279717)
2020-10-08 17:37:59,764 INFO o.a.j.e.StandardJMeterEngine: Starting ThreadGroup: 1 : jp@gc - Ultimate Thread Group (login, view all bug page)
2020-10-08 17:37:59,764 INFO o.a.j.e.StandardJMeterEngine: Starting 14 threads for group jp@gc - Ultimate Thread Group (login, view all bug page).
2020-10-08 17:37:59,764 INFO o.a.j.e.StandardJMeterEngine: Thread will continue on error
2020-10-08 17:37:59,764 INFO k.a.j.t.AbstractSimpleThreadGroup: Starting thread group number 1 threads 14
2020-10-08 17:37:59,785 INFO k.a.j.t.AbstractSimpleThreadGroup: Started thread group number 1
2020-10-08 17:37:59,785 INFO o.a.j.e.StandardJMeterEngine: All thread groups have been started
2020-10-08 17:38:12,623 INFO o.a.j.t.JMeterThread: Thread started: jp@gc - Ultimate Thread Group (login, view all bug page) 1-14
2020-10-08 17:38:12,625 INFO o.a.j.s.FileServer: Stored: mantis_users_2.csv
2020-10-08 17:38:12,641 INFO o.a.j.p.h.s.HTTPHCAbstractImpl: Local host = DESKTOP-K3V31HM
2020-10-08 17:38:12,645 INFO o.a.j.p.h.s.HTTPHC4Impl: HTTP request retry count = 0
2020-10-08 17:38:12,693 INFO o.a.j.p.h.p.BaseParser: Created org.apache.jmeter.protocol.http.parser.LagartoBasedHtmlParser
2020-10-08 17:38:12,718 INFO o.a.j.p.h.s.ResourcesDownloader: Creating ResourcesDownloader with keepalive_inseconds : 60
2020-10-08 17:38:12,744 INFO o.a.j.p.h.p.BaseParser: Created org.apache.jmeter.protocol.http.parser.CssParser
2020-10-08 17:38:12,744 INFO o.a.j.p.h.p.BaseParser: Created org.apache.jmeter.protocol.http.parser.CssParser
2020-10-08 17:38:12,744 INFO o.a.j.p.h.p.BaseParser: Created org.apache.jmeter.protocol.http.parser.CssParser
2020-10-08 17:38:12,744 INFO o.a.j.p.h.p.BaseParser: Created org.apache.jmeter.protocol.http.parser.CssParser
2020-10-08 17:38:12,744 INFO o.a.j.p.h.p.BaseParser: Created org.apache.jmeter.protocol.http.parser.CssParser
2020-10-08 17:38:12,744 INFO o.a.j.p.h.p.BaseParser: Created org.apache.jmeter.protocol.http.parser.CssParser
2020-10-08 17:38:25,479 INFO o.a.j.t.JMeterThread: Thread started: jp@gc - Ultimate Thread Group (login, view all bug page) 1-13
2020-10-08 17:38:38,336 INFO o.a.j.t.JMeterThread: Thread started: jp@gc - Ultimate Thread Group (login, view all bug page) 1-12
2020-10-08 17:38:51,193 INFO o.a.j.t.JMeterThread: Thread started: jp@gc - Ultimate Thread Group (login, view all bug page) 1-11
2020-10-08 17:39:04,051 INFO o.a.j.t.JMeterThread: Thread started: jp@gc - Ultimate Thread Group (login, view all bug page) 1-10
2020-10-08 17:39:04,107 INFO o.a.j.r.Summariser: summary +     19 in 00:01:04 =    0.3/s Avg:   455 Min:    31 Max:  2004 Err:     0 (0.00%) Active: 5 Started: 5 Finished: 0
2020-10-08 17:39:16,907 INFO o.a.j.t.JMeterThread: Thread started: jp@gc - Ultimate Thread Group (login, view all bug page) 1-9
2020-10-08 17:39:29,765 INFO o.a.j.t.JMeterThread: Thread started: jp@gc - Ultimate Thread Group (login, view all bug page) 1-8
2020-10-08 17:39:34,122 INFO o.a.j.r.Summariser: summary +     21 in 00:00:30 =    0.7/s Avg:   210 Min:    27 Max:  1656 Err:     0 (0.00%) Active: 7 Started: 7 Finished: 0
2020-10-08 17:39:34,124 INFO o.a.j.r.Summariser: summary =     40 in 00:01:34 =    0.4/s Avg:   326 Min:    27 Max:  2004 Err:     0 (0.00%)
2020-10-08 17:39:42,622 INFO o.a.j.t.JMeterThread: Thread started: jp@gc - Ultimate Thread Group (login, view all bug page) 1-7
2020-10-08 17:39:55,480 INFO o.a.j.t.JMeterThread: Thread started: jp@gc - Ultimate Thread Group (login, view all bug page) 1-6
2020-10-08 17:40:04,134 INFO o.a.j.r.Summariser: summary +     27 in 00:00:30 =    0.9/s Avg:   324 Min:    18 Max:  2860 Err:     0 (0.00%) Active: 9 Started: 9 Finished: 0
2020-10-08 17:40:04,135 INFO o.a.j.r.Summariser: summary =     67 in 00:02:04 =    0.5/s Avg:   325 Min:    18 Max:  2860 Err:     0 (0.00%)
2020-10-08 17:40:08,336 INFO o.a.j.t.JMeterThread: Thread started: jp@gc - Ultimate Thread Group (login, view all bug page) 1-5
2020-10-08 17:40:21,193 INFO o.a.j.t.JMeterThread: Thread started: jp@gc - Ultimate Thread Group (login, view all bug page) 1-4
2020-10-08 17:40:34,051 INFO o.a.j.t.JMeterThread: Thread started: jp@gc - Ultimate Thread Group (login, view all bug page) 1-3
2020-10-08 17:40:34,177 INFO o.a.j.r.Summariser: summary +     33 in 00:00:30 =    1.1/s Avg:   572 Min:    17 Max:  3008 Err:     0 (0.00%) Active: 12 Started: 12 Finished: 0
2020-10-08 17:40:34,179 INFO o.a.j.r.Summariser: summary =    100 in 00:02:34 =    0.6/s Avg:   407 Min:    17 Max:  3008 Err:     0 (0.00%)
2020-10-08 17:40:46,907 INFO o.a.j.t.JMeterThread: Thread started: jp@gc - Ultimate Thread Group (login, view all bug page) 1-2
2020-10-08 17:40:59,766 INFO o.a.j.t.JMeterThread: Thread started: jp@gc - Ultimate Thread Group (login, view all bug page) 1-1
2020-10-08 17:41:00,005 INFO o.a.j.r.Summariser: summary +     41 in 00:00:26 =    1.6/s Avg:   131 Min:    21 Max:  1196 Err:     0 (0.00%) Active: 14 Started: 14 Finished: 0
2020-10-08 17:41:00,007 INFO o.a.j.r.Summariser: summary =    141 in 00:03:00 =    0.8/s Avg:   326 Min:    17 Max:  3008 Err:     0 (0.00%)
2020-10-08 17:41:30,007 INFO o.a.j.r.Summariser: summary +     42 in 00:00:30 =    1.4/s Avg:   216 Min:    19 Max:  1908 Err:     0 (0.00%) Active: 14 Started: 14 Finished: 0
2020-10-08 17:41:30,008 INFO o.a.j.r.Summariser: summary =    183 in 00:03:30 =    0.9/s Avg:   301 Min:    17 Max:  3008 Err:     0 (0.00%)
2020-10-08 17:42:00,011 INFO o.a.j.r.Summariser: summary +     39 in 00:00:30 =    1.3/s Avg:   132 Min:    16 Max:  1185 Err:     0 (0.00%) Active: 14 Started: 14 Finished: 0
2020-10-08 17:42:00,013 INFO o.a.j.r.Summariser: summary =    222 in 00:04:00 =    0.9/s Avg:   271 Min:    16 Max:  3008 Err:     0 (0.00%)
2020-10-08 17:42:30,960 INFO o.a.j.r.Summariser: summary +     40 in 00:00:31 =    1.3/s Avg:   109 Min:    20 Max:  1191 Err:     0 (0.00%) Active: 14 Started: 14 Finished: 0
2020-10-08 17:42:30,962 INFO o.a.j.r.Summariser: summary =    262 in 00:04:31 =    1.0/s Avg:   247 Min:    16 Max:  3008 Err:     0 (0.00%)
2020-10-08 17:43:05,233 INFO o.a.j.r.Summariser: summary +     48 in 00:00:34 =    1.4/s Avg:   371 Min:    31 Max:  2695 Err:     0 (0.00%) Active: 14 Started: 14 Finished: 0
2020-10-08 17:43:05,238 INFO o.a.j.r.Summariser: summary =    310 in 00:05:06 =    1.0/s Avg:   266 Min:    16 Max:  3008 Err:     0 (0.00%)
2020-10-08 17:43:30,001 INFO o.a.j.r.Summariser: summary +     39 in 00:00:25 =    1.6/s Avg:   128 Min:    29 Max:  1180 Err:     0 (0.00%) Active: 14 Started: 14 Finished: 0
2020-10-08 17:43:30,002 INFO o.a.j.r.Summariser: summary =    349 in 00:05:30 =    1.1/s Avg:   250 Min:    16 Max:  3008 Err:     0 (0.00%)
2020-10-08 17:44:04,148 INFO o.a.j.r.Summariser: summary +     45 in 00:00:34 =    1.3/s Avg:   167 Min:    24 Max:  1779 Err:     0 (0.00%) Active: 14 Started: 14 Finished: 0
2020-10-08 17:44:04,150 INFO o.a.j.r.Summariser: summary =    394 in 00:06:04 =    1.1/s Avg:   241 Min:    16 Max:  3008 Err:     0 (0.00%)
2020-10-08 17:44:30,015 INFO o.a.j.r.Summariser: summary +     39 in 00:00:26 =    1.5/s Avg:   139 Min:    17 Max:  1210 Err:     0 (0.00%) Active: 14 Started: 14 Finished: 0
2020-10-08 17:44:30,017 INFO o.a.j.r.Summariser: summary =    433 in 00:06:30 =    1.1/s Avg:   232 Min:    16 Max:  3008 Err:     0 (0.00%)
2020-10-08 17:45:01,511 INFO o.a.j.r.Summariser: summary +     43 in 00:00:31 =    1.4/s Avg:   219 Min:    19 Max:  1588 Err:     0 (0.00%) Active: 14 Started: 14 Finished: 0
2020-10-08 17:45:01,512 INFO o.a.j.r.Summariser: summary =    476 in 00:07:02 =    1.1/s Avg:   230 Min:    16 Max:  3008 Err:     0 (0.00%)
2020-10-08 17:45:34,156 INFO o.a.j.r.Summariser: summary +     44 in 00:00:33 =    1.3/s Avg:   223 Min:    20 Max:  2559 Err:     0 (0.00%) Active: 14 Started: 14 Finished: 0
2020-10-08 17:45:34,157 INFO o.a.j.r.Summariser: summary =    520 in 00:07:34 =    1.1/s Avg:   230 Min:    16 Max:  3008 Err:     0 (0.00%)
2020-10-08 17:46:00,012 INFO o.a.j.r.Summariser: summary +     41 in 00:00:26 =    1.6/s Avg:   133 Min:    26 Max:  1220 Err:     0 (0.00%) Active: 14 Started: 14 Finished: 0
2020-10-08 17:46:00,014 INFO o.a.j.r.Summariser: summary =    561 in 00:08:00 =    1.2/s Avg:   223 Min:    16 Max:  3008 Err:     0 (0.00%)
2020-10-08 17:46:30,971 INFO o.a.j.r.Summariser: summary +     37 in 00:00:31 =    1.2/s Avg:   244 Min:    21 Max:  1866 Err:     0 (0.00%) Active: 14 Started: 14 Finished: 0
2020-10-08 17:46:30,973 INFO o.a.j.r.Summariser: summary =    598 in 00:08:31 =    1.2/s Avg:   224 Min:    16 Max:  3008 Err:     0 (0.00%)
2020-10-08 17:47:00,001 INFO o.a.j.r.Summariser: summary +     46 in 00:00:29 =    1.6/s Avg:   125 Min:    21 Max:  1205 Err:     0 (0.00%) Active: 14 Started: 14 Finished: 0
2020-10-08 17:47:00,004 INFO o.a.j.r.Summariser: summary =    644 in 00:09:00 =    1.2/s Avg:   217 Min:    16 Max:  3008 Err:     0 (0.00%)
2020-10-08 17:47:34,177 INFO o.a.j.r.Summariser: summary +     44 in 00:00:34 =    1.3/s Avg:   128 Min:    23 Max:  1152 Err:     0 (0.00%) Active: 14 Started: 14 Finished: 0
2020-10-08 17:47:34,179 INFO o.a.j.r.Summariser: summary =    688 in 00:09:34 =    1.2/s Avg:   211 Min:    16 Max:  3008 Err:     0 (0.00%)
2020-10-08 17:48:00,021 INFO o.a.j.r.Summariser: summary +     41 in 00:00:26 =    1.6/s Avg:   140 Min:    23 Max:  1204 Err:     0 (0.00%) Active: 14 Started: 14 Finished: 0
2020-10-08 17:48:00,022 INFO o.a.j.r.Summariser: summary =    729 in 00:10:00 =    1.2/s Avg:   207 Min:    16 Max:  3008 Err:     0 (0.00%)
2020-10-08 17:48:30,499 INFO o.a.j.r.Summariser: summary +     41 in 00:00:30 =    1.3/s Avg:   145 Min:    32 Max:  1149 Err:     0 (0.00%) Active: 14 Started: 14 Finished: 0
2020-10-08 17:48:30,500 INFO o.a.j.r.Summariser: summary =    770 in 00:10:31 =    1.2/s Avg:   204 Min:    16 Max:  3008 Err:     0 (0.00%)
2020-10-08 17:49:04,123 INFO o.a.j.r.Summariser: summary +     44 in 00:00:34 =    1.3/s Avg:   156 Min:    17 Max:  1529 Err:     0 (0.00%) Active: 14 Started: 14 Finished: 0
2020-10-08 17:49:04,125 INFO o.a.j.r.Summariser: summary =    814 in 00:11:04 =    1.2/s Avg:   201 Min:    16 Max:  3008 Err:     0 (0.00%)
2020-10-08 17:49:30,011 INFO o.a.j.r.Summariser: summary +     40 in 00:00:26 =    1.5/s Avg:   172 Min:    26 Max:  1185 Err:     0 (0.00%) Active: 14 Started: 14 Finished: 0
2020-10-08 17:49:30,013 INFO o.a.j.r.Summariser: summary =    854 in 00:11:30 =    1.2/s Avg:   200 Min:    16 Max:  3008 Err:     0 (0.00%)
2020-10-08 17:50:00,015 INFO o.a.j.r.Summariser: summary +     43 in 00:00:30 =    1.4/s Avg:   129 Min:    19 Max:  1215 Err:     0 (0.00%) Active: 14 Started: 14 Finished: 0
2020-10-08 17:50:00,016 INFO o.a.j.r.Summariser: summary =    897 in 00:12:00 =    1.2/s Avg:   197 Min:    16 Max:  3008 Err:     0 (0.00%)
2020-10-08 17:50:30,906 INFO o.a.j.r.Summariser: summary +     37 in 00:00:31 =    1.2/s Avg:   101 Min:    19 Max:  1141 Err:     0 (0.00%) Active: 14 Started: 14 Finished: 0
2020-10-08 17:50:30,908 INFO o.a.j.r.Summariser: summary =    934 in 00:12:31 =    1.2/s Avg:   193 Min:    16 Max:  3008 Err:     0 (0.00%)
2020-10-08 17:51:00,049 INFO o.a.j.r.Summariser: summary +     44 in 00:00:29 =    1.5/s Avg:   108 Min:    19 Max:  1143 Err:     0 (0.00%) Active: 14 Started: 14 Finished: 0
2020-10-08 17:51:00,052 INFO o.a.j.r.Summariser: summary =    978 in 00:13:00 =    1.3/s Avg:   189 Min:    16 Max:  3008 Err:     0 (0.00%)
2020-10-08 17:51:34,144 INFO o.a.j.r.Summariser: summary +     46 in 00:00:34 =    1.3/s Avg:   270 Min:    25 Max:  2593 Err:     0 (0.00%) Active: 14 Started: 14 Finished: 0
2020-10-08 17:51:34,147 INFO o.a.j.r.Summariser: summary =   1024 in 00:13:34 =    1.3/s Avg:   193 Min:    16 Max:  3008 Err:     0 (0.00%)
2020-10-08 17:52:00,003 INFO o.a.j.r.Summariser: summary +     41 in 00:00:26 =    1.6/s Avg:   190 Min:    18 Max:  2375 Err:     0 (0.00%) Active: 14 Started: 14 Finished: 0
2020-10-08 17:52:00,006 INFO o.a.j.r.Summariser: summary =   1065 in 00:14:00 =    1.3/s Avg:   193 Min:    16 Max:  3008 Err:     0 (0.00%)
2020-10-08 17:52:30,010 INFO o.a.j.r.Summariser: summary +     41 in 00:00:30 =    1.4/s Avg:   197 Min:    24 Max:  1818 Err:     0 (0.00%) Active: 14 Started: 14 Finished: 0
2020-10-08 17:52:30,012 INFO o.a.j.r.Summariser: summary =   1106 in 00:14:30 =    1.3/s Avg:   193 Min:    16 Max:  3008 Err:     0 (0.00%)
2020-10-08 17:53:00,012 INFO o.a.j.r.Summariser: summary +     41 in 00:00:30 =    1.4/s Avg:   223 Min:    25 Max:  2522 Err:     0 (0.00%) Active: 14 Started: 14 Finished: 0
2020-10-08 17:53:00,014 INFO o.a.j.r.Summariser: summary =   1147 in 00:15:00 =    1.3/s Avg:   194 Min:    16 Max:  3008 Err:     0 (0.00%)
2020-10-08 17:53:30,001 INFO o.a.j.r.Summariser: summary +     43 in 00:00:30 =    1.4/s Avg:   222 Min:    23 Max:  2973 Err:     0 (0.00%) Active: 14 Started: 14 Finished: 0
2020-10-08 17:53:30,003 INFO o.a.j.r.Summariser: summary =   1190 in 00:15:30 =    1.3/s Avg:   195 Min:    16 Max:  3008 Err:     0 (0.00%)
2020-10-08 17:54:00,026 INFO o.a.j.r.Summariser: summary +     42 in 00:00:30 =    1.4/s Avg:   190 Min:    23 Max:  1794 Err:     0 (0.00%) Active: 14 Started: 14 Finished: 0
2020-10-08 17:54:00,026 INFO o.a.j.r.Summariser: summary =   1232 in 00:16:00 =    1.3/s Avg:   195 Min:    16 Max:  3008 Err:     0 (0.00%)
2020-10-08 17:54:30,975 INFO o.a.j.r.Summariser: summary +     38 in 00:00:31 =    1.2/s Avg:   123 Min:    18 Max:  1209 Err:     0 (0.00%) Active: 14 Started: 14 Finished: 0
2020-10-08 17:54:30,977 INFO o.a.j.r.Summariser: summary =   1270 in 00:16:31 =    1.3/s Avg:   193 Min:    16 Max:  3008 Err:     0 (0.00%)
2020-10-08 17:55:00,007 INFO o.a.j.r.Summariser: summary +     46 in 00:00:29 =    1.6/s Avg:   105 Min:    18 Max:  1208 Err:     0 (0.00%) Active: 14 Started: 14 Finished: 0
2020-10-08 17:55:00,009 INFO o.a.j.r.Summariser: summary =   1316 in 00:17:00 =    1.3/s Avg:   189 Min:    16 Max:  3008 Err:     0 (0.00%)
2020-10-08 17:55:30,017 INFO o.a.j.r.Summariser: summary +     42 in 00:00:30 =    1.4/s Avg:   173 Min:    19 Max:  1816 Err:     0 (0.00%) Active: 14 Started: 14 Finished: 0
2020-10-08 17:55:30,019 INFO o.a.j.r.Summariser: summary =   1358 in 00:17:30 =    1.3/s Avg:   189 Min:    16 Max:  3008 Err:     0 (0.00%)
2020-10-08 17:56:00,010 INFO o.a.j.r.Summariser: summary +     43 in 00:00:30 =    1.4/s Avg:   140 Min:    19 Max:  1241 Err:     0 (0.00%) Active: 14 Started: 14 Finished: 0
2020-10-08 17:56:00,012 INFO o.a.j.r.Summariser: summary =   1401 in 00:18:00 =    1.3/s Avg:   187 Min:    16 Max:  3008 Err:     0 (0.00%)
2020-10-08 17:56:34,139 INFO o.a.j.r.Summariser: summary +     43 in 00:00:34 =    1.3/s Avg:   127 Min:    15 Max:  1185 Err:     0 (0.00%) Active: 14 Started: 14 Finished: 0
2020-10-08 17:56:34,142 INFO o.a.j.r.Summariser: summary =   1444 in 00:18:34 =    1.3/s Avg:   186 Min:    15 Max:  3008 Err:     0 (0.00%)
2020-10-08 17:57:00,016 INFO o.a.j.r.Summariser: summary +     39 in 00:00:26 =    1.5/s Avg:   145 Min:    19 Max:  1174 Err:     0 (0.00%) Active: 14 Started: 14 Finished: 0
2020-10-08 17:57:00,019 INFO o.a.j.r.Summariser: summary =   1483 in 00:19:00 =    1.3/s Avg:   185 Min:    15 Max:  3008 Err:     0 (0.00%)
2020-10-08 17:57:30,008 INFO o.a.j.r.Summariser: summary +     43 in 00:00:30 =    1.4/s Avg:   129 Min:    18 Max:  1177 Err:     0 (0.00%) Active: 14 Started: 14 Finished: 0
2020-10-08 17:57:30,009 INFO o.a.j.r.Summariser: summary =   1526 in 00:19:30 =    1.3/s Avg:   183 Min:    15 Max:  3008 Err:     0 (0.00%)
2020-10-08 17:58:04,138 INFO o.a.j.r.Summariser: summary +     44 in 00:00:34 =    1.3/s Avg:   262 Min:    21 Max:  2549 Err:     0 (0.00%) Active: 14 Started: 14 Finished: 0
2020-10-08 17:58:04,140 INFO o.a.j.r.Summariser: summary =   1570 in 00:20:04 =    1.3/s Avg:   185 Min:    15 Max:  3008 Err:     0 (0.00%)
2020-10-08 17:58:31,113 INFO o.a.j.r.Summariser: summary +     36 in 00:00:27 =    1.3/s Avg:   155 Min:    18 Max:  1580 Err:     0 (0.00%) Active: 14 Started: 14 Finished: 0
2020-10-08 17:58:31,115 INFO o.a.j.r.Summariser: summary =   1606 in 00:20:31 =    1.3/s Avg:   185 Min:    15 Max:  3008 Err:     0 (0.00%)
2020-10-08 17:59:01,482 INFO o.a.j.r.Summariser: summary +     47 in 00:00:30 =    1.5/s Avg:   220 Min:    19 Max:  2067 Err:     0 (0.00%) Active: 14 Started: 14 Finished: 0
2020-10-08 17:59:01,482 INFO o.a.j.r.Summariser: summary =   1653 in 00:21:02 =    1.3/s Avg:   186 Min:    15 Max:  3008 Err:     0 (0.00%)
2020-10-08 17:59:30,001 INFO o.a.j.r.Summariser: summary +     41 in 00:00:29 =    1.4/s Avg:   128 Min:    17 Max:  1178 Err:     0 (0.00%) Active: 14 Started: 14 Finished: 0
2020-10-08 17:59:30,003 INFO o.a.j.r.Summariser: summary =   1694 in 00:21:30 =    1.3/s Avg:   184 Min:    15 Max:  3008 Err:     0 (0.00%)
2020-10-08 18:00:00,000 INFO o.a.j.r.Summariser: summary +     42 in 00:00:30 =    1.4/s Avg:   220 Min:    23 Max:  1355 Err:     0 (0.00%) Active: 14 Started: 14 Finished: 0
2020-10-08 18:00:00,002 INFO o.a.j.r.Summariser: summary =   1736 in 00:22:00 =    1.3/s Avg:   185 Min:    15 Max:  3008 Err:     0 (0.00%)
2020-10-08 18:00:31,911 INFO o.a.j.r.Summariser: summary +     43 in 00:00:32 =    1.3/s Avg:   201 Min:    21 Max:  1913 Err:     0 (0.00%) Active: 14 Started: 14 Finished: 0
2020-10-08 18:00:31,913 INFO o.a.j.r.Summariser: summary =   1779 in 00:22:32 =    1.3/s Avg:   185 Min:    15 Max:  3008 Err:     0 (0.00%)
2020-10-08 18:01:00,007 INFO o.a.j.r.Summariser: summary +     40 in 00:00:28 =    1.4/s Avg:   161 Min:    31 Max:  1197 Err:     0 (0.00%) Active: 14 Started: 14 Finished: 0
2020-10-08 18:01:00,018 INFO o.a.j.r.Summariser: summary =   1819 in 00:23:00 =    1.3/s Avg:   185 Min:    15 Max:  3008 Err:     0 (0.00%)
2020-10-08 18:01:30,004 INFO o.a.j.r.Summariser: summary +     42 in 00:00:30 =    1.4/s Avg:   130 Min:    17 Max:  1132 Err:     0 (0.00%) Active: 14 Started: 14 Finished: 0
2020-10-08 18:01:30,005 INFO o.a.j.r.Summariser: summary =   1861 in 00:23:30 =    1.3/s Avg:   184 Min:    15 Max:  3008 Err:     0 (0.00%)
2020-10-08 18:02:04,145 INFO o.a.j.r.Summariser: summary +     45 in 00:00:34 =    1.3/s Avg:   182 Min:    28 Max:  1167 Err:     0 (0.00%) Active: 14 Started: 14 Finished: 0
2020-10-08 18:02:04,147 INFO o.a.j.r.Summariser: summary =   1906 in 00:24:04 =    1.3/s Avg:   184 Min:    15 Max:  3008 Err:     0 (0.00%)
2020-10-08 18:02:30,026 INFO o.a.j.r.Summariser: summary +     40 in 00:00:26 =    1.5/s Avg:   174 Min:    26 Max:  1406 Err:     0 (0.00%) Active: 14 Started: 14 Finished: 0
2020-10-08 18:02:30,027 INFO o.a.j.r.Summariser: summary =   1946 in 00:24:30 =    1.3/s Avg:   183 Min:    15 Max:  3008 Err:     0 (0.00%)
2020-10-08 18:03:01,105 INFO o.a.j.r.Summariser: summary +     38 in 00:00:31 =    1.2/s Avg:   153 Min:    22 Max:  1482 Err:     0 (0.00%) Active: 14 Started: 14 Finished: 0
2020-10-08 18:03:01,107 INFO o.a.j.r.Summariser: summary =   1984 in 00:25:01 =    1.3/s Avg:   183 Min:    15 Max:  3008 Err:     0 (0.00%)
2020-10-08 18:03:35,253 INFO o.a.j.r.Summariser: summary +     48 in 00:00:34 =    1.4/s Avg:   128 Min:    18 Max:  1343 Err:     0 (0.00%) Active: 14 Started: 14 Finished: 0
2020-10-08 18:03:35,255 INFO o.a.j.r.Summariser: summary =   2032 in 00:25:36 =    1.3/s Avg:   182 Min:    15 Max:  3008 Err:     0 (0.00%)
2020-10-08 18:04:04,140 INFO o.a.j.r.Summariser: summary +     42 in 00:00:29 =    1.5/s Avg:   290 Min:    17 Max:  1809 Err:     0 (0.00%) Active: 14 Started: 14 Finished: 0
2020-10-08 18:04:04,142 INFO o.a.j.r.Summariser: summary =   2074 in 00:26:04 =    1.3/s Avg:   184 Min:    15 Max:  3008 Err:     0 (0.00%)
2020-10-08 18:04:30,001 INFO o.a.j.r.Summariser: summary +     40 in 00:00:26 =    1.5/s Avg:   143 Min:    24 Max:  1188 Err:     0 (0.00%) Active: 14 Started: 14 Finished: 0
2020-10-08 18:04:30,003 INFO o.a.j.r.Summariser: summary =   2114 in 00:26:30 =    1.3/s Avg:   183 Min:    15 Max:  3008 Err:     0 (0.00%)
2020-10-08 18:05:04,109 INFO o.a.j.r.Summariser: summary +     44 in 00:00:34 =    1.3/s Avg:   230 Min:    16 Max:  2246 Err:     0 (0.00%) Active: 14 Started: 14 Finished: 0
2020-10-08 18:05:04,110 INFO o.a.j.r.Summariser: summary =   2158 in 00:27:04 =    1.3/s Avg:   184 Min:    15 Max:  3008 Err:     0 (0.00%)
2020-10-08 18:05:30,021 INFO o.a.j.r.Summariser: summary +     40 in 00:00:26 =    1.5/s Avg:   171 Min:    16 Max:  1309 Err:     0 (0.00%) Active: 14 Started: 14 Finished: 0
2020-10-08 18:05:30,023 INFO o.a.j.r.Summariser: summary =   2198 in 00:27:30 =    1.3/s Avg:   184 Min:    15 Max:  3008 Err:     0 (0.00%)
2020-10-08 18:06:00,408 INFO o.a.j.r.Summariser: summary +     38 in 00:00:30 =    1.3/s Avg:   292 Min:    20 Max:  2225 Err:     0 (0.00%) Active: 14 Started: 14 Finished: 0
2020-10-08 18:06:00,410 INFO o.a.j.r.Summariser: summary =   2236 in 00:28:01 =    1.3/s Avg:   186 Min:    15 Max:  3008 Err:     0 (0.00%)
2020-10-08 18:06:30,001 INFO o.a.j.r.Summariser: summary +     44 in 00:00:30 =    1.5/s Avg:   133 Min:    15 Max:  1199 Err:     0 (0.00%) Active: 14 Started: 14 Finished: 0
2020-10-08 18:06:30,004 INFO o.a.j.r.Summariser: summary =   2280 in 00:28:30 =    1.3/s Avg:   185 Min:    15 Max:  3008 Err:     0 (0.00%)
2020-10-08 18:07:03,050 INFO o.a.j.r.Summariser: summary +     40 in 00:00:33 =    1.2/s Avg:   207 Min:    17 Max:  3283 Err:     0 (0.00%) Active: 14 Started: 14 Finished: 0
2020-10-08 18:07:03,051 INFO o.a.j.r.Summariser: summary =   2320 in 00:29:03 =    1.3/s Avg:   185 Min:    15 Max:  3283 Err:     0 (0.00%)
2020-10-08 18:07:30,014 INFO o.a.j.r.Summariser: summary +     44 in 00:00:27 =    1.6/s Avg:   249 Min:    20 Max:  3301 Err:     0 (0.00%) Active: 14 Started: 14 Finished: 0
2020-10-08 18:07:30,016 INFO o.a.j.r.Summariser: summary =   2364 in 00:29:30 =    1.3/s Avg:   186 Min:    15 Max:  3301 Err:     0 (0.00%)
2020-10-08 18:08:00,005 INFO o.a.j.r.Summariser: summary +     43 in 00:00:30 =    1.4/s Avg:   254 Min:    21 Max:  2540 Err:     0 (0.00%) Active: 14 Started: 14 Finished: 0
2020-10-08 18:08:00,009 INFO o.a.j.r.Summariser: summary =   2407 in 00:30:00 =    1.3/s Avg:   187 Min:    15 Max:  3301 Err:     0 (0.00%)
2020-10-08 18:08:30,004 INFO o.a.j.r.Summariser: summary +     43 in 00:00:30 =    1.4/s Avg:   132 Min:    35 Max:  1151 Err:     0 (0.00%) Active: 14 Started: 14 Finished: 0
2020-10-08 18:08:30,006 INFO o.a.j.r.Summariser: summary =   2450 in 00:30:30 =    1.3/s Avg:   186 Min:    15 Max:  3301 Err:     0 (0.00%)
2020-10-08 18:09:00,002 INFO o.a.j.r.Summariser: summary +     40 in 00:00:30 =    1.3/s Avg:   229 Min:    19 Max:  1591 Err:     0 (0.00%) Active: 14 Started: 14 Finished: 0
2020-10-08 18:09:00,006 INFO o.a.j.r.Summariser: summary =   2490 in 00:31:00 =    1.3/s Avg:   187 Min:    15 Max:  3301 Err:     0 (0.00%)
2020-10-08 18:09:30,029 INFO o.a.j.r.Summariser: summary +     43 in 00:00:30 =    1.4/s Avg:   125 Min:    17 Max:  1162 Err:     0 (0.00%) Active: 14 Started: 14 Finished: 0
2020-10-08 18:09:30,032 INFO o.a.j.r.Summariser: summary =   2533 in 00:31:30 =    1.3/s Avg:   186 Min:    15 Max:  3301 Err:     0 (0.00%)
2020-10-08 18:10:00,017 INFO o.a.j.r.Summariser: summary +     43 in 00:00:30 =    1.4/s Avg:   173 Min:    18 Max:  1739 Err:     0 (0.00%) Active: 14 Started: 14 Finished: 0
2020-10-08 18:10:00,022 INFO o.a.j.r.Summariser: summary =   2576 in 00:32:00 =    1.3/s Avg:   186 Min:    15 Max:  3301 Err:     0 (0.00%)
2020-10-08 18:10:34,129 INFO o.a.j.r.Summariser: summary +     44 in 00:00:34 =    1.3/s Avg:   211 Min:    21 Max:  1758 Err:     0 (0.00%) Active: 14 Started: 14 Finished: 0
2020-10-08 18:10:34,131 INFO o.a.j.r.Summariser: summary =   2620 in 00:32:34 =    1.3/s Avg:   186 Min:    15 Max:  3301 Err:     0 (0.00%)
2020-10-08 18:11:00,926 INFO o.a.j.r.Summariser: summary +     36 in 00:00:27 =    1.3/s Avg:   105 Min:    20 Max:  1157 Err:     0 (0.00%) Active: 14 Started: 14 Finished: 0
2020-10-08 18:11:00,928 INFO o.a.j.r.Summariser: summary =   2656 in 00:33:01 =    1.3/s Avg:   185 Min:    15 Max:  3301 Err:     0 (0.00%)
2020-10-08 18:11:30,000 INFO o.a.j.r.Summariser: summary +     45 in 00:00:29 =    1.5/s Avg:   197 Min:    17 Max:  2674 Err:     0 (0.00%) Active: 14 Started: 14 Finished: 0
2020-10-08 18:11:30,002 INFO o.a.j.r.Summariser: summary =   2701 in 00:33:30 =    1.3/s Avg:   185 Min:    15 Max:  3301 Err:     0 (0.00%)
2020-10-08 18:12:00,005 INFO o.a.j.r.Summariser: summary +     43 in 00:00:30 =    1.4/s Avg:   169 Min:    22 Max:  1639 Err:     0 (0.00%) Active: 14 Started: 14 Finished: 0
2020-10-08 18:12:00,008 INFO o.a.j.r.Summariser: summary =   2744 in 00:34:00 =    1.3/s Avg:   185 Min:    15 Max:  3301 Err:     0 (0.00%)
2020-10-08 18:12:30,022 INFO o.a.j.r.Summariser: summary +     43 in 00:00:30 =    1.4/s Avg:   129 Min:    23 Max:  1169 Err:     0 (0.00%) Active: 14 Started: 14 Finished: 0
2020-10-08 18:12:30,024 INFO o.a.j.r.Summariser: summary =   2787 in 00:34:30 =    1.3/s Avg:   184 Min:    15 Max:  3301 Err:     0 (0.00%)
2020-10-08 18:13:00,020 INFO o.a.j.r.Summariser: summary +     41 in 00:00:30 =    1.4/s Avg:   291 Min:    24 Max:  2633 Err:     0 (0.00%) Active: 14 Started: 14 Finished: 0
2020-10-08 18:13:00,022 INFO o.a.j.r.Summariser: summary =   2828 in 00:35:00 =    1.3/s Avg:   186 Min:    15 Max:  3301 Err:     0 (0.00%)
2020-10-08 18:13:34,120 INFO o.a.j.r.Summariser: summary +     44 in 00:00:34 =    1.3/s Avg:   144 Min:    18 Max:  1201 Err:     0 (0.00%) Active: 14 Started: 14 Finished: 0
2020-10-08 18:13:34,123 INFO o.a.j.r.Summariser: summary =   2872 in 00:35:34 =    1.3/s Avg:   185 Min:    15 Max:  3301 Err:     0 (0.00%)
2020-10-08 18:14:04,120 INFO o.a.j.r.Summariser: summary +     42 in 00:00:30 =    1.4/s Avg:   159 Min:    18 Max:  1283 Err:     0 (0.00%) Active: 14 Started: 14 Finished: 0
2020-10-08 18:14:04,122 INFO o.a.j.r.Summariser: summary =   2914 in 00:36:04 =    1.3/s Avg:   185 Min:    15 Max:  3301 Err:     0 (0.00%)
2020-10-08 18:14:30,022 INFO o.a.j.r.Summariser: summary +     40 in 00:00:26 =    1.5/s Avg:   179 Min:    15 Max:  1711 Err:     0 (0.00%) Active: 14 Started: 14 Finished: 0
2020-10-08 18:14:30,024 INFO o.a.j.r.Summariser: summary =   2954 in 00:36:30 =    1.3/s Avg:   185 Min:    15 Max:  3301 Err:     0 (0.00%)
2020-10-08 18:15:00,967 INFO o.a.j.r.Summariser: summary +     38 in 00:00:31 =    1.2/s Avg:   129 Min:    16 Max:  1198 Err:     0 (0.00%) Active: 14 Started: 14 Finished: 0
2020-10-08 18:15:00,969 INFO o.a.j.r.Summariser: summary =   2992 in 00:37:01 =    1.3/s Avg:   184 Min:    15 Max:  3301 Err:     0 (0.00%)
2020-10-08 18:15:35,252 INFO o.a.j.r.Summariser: summary +     48 in 00:00:34 =    1.4/s Avg:   162 Min:    21 Max:  1201 Err:     0 (0.00%) Active: 14 Started: 14 Finished: 0
2020-10-08 18:15:35,254 INFO o.a.j.r.Summariser: summary =   3040 in 00:37:36 =    1.3/s Avg:   184 Min:    15 Max:  3301 Err:     0 (0.00%)
2020-10-08 18:16:00,004 INFO o.a.j.r.Summariser: summary +     40 in 00:00:25 =    1.6/s Avg:   182 Min:    27 Max:  1542 Err:     0 (0.00%) Active: 14 Started: 14 Finished: 0
2020-10-08 18:16:00,007 INFO o.a.j.r.Summariser: summary =   3080 in 00:38:00 =    1.4/s Avg:   184 Min:    15 Max:  3301 Err:     0 (0.00%)
2020-10-08 18:16:34,141 INFO o.a.j.r.Summariser: summary +     44 in 00:00:34 =    1.3/s Avg:   130 Min:    14 Max:  1201 Err:     0 (0.00%) Active: 14 Started: 14 Finished: 0
2020-10-08 18:16:34,141 INFO o.a.j.r.Summariser: summary =   3124 in 00:38:34 =    1.3/s Avg:   183 Min:    14 Max:  3301 Err:     0 (0.00%)
2020-10-08 18:17:00,008 INFO o.a.j.r.Summariser: summary +     40 in 00:00:26 =    1.5/s Avg:   208 Min:    19 Max:  1863 Err:     0 (0.00%) Active: 14 Started: 14 Finished: 0
2020-10-08 18:17:00,011 INFO o.a.j.r.Summariser: summary =   3164 in 00:39:00 =    1.4/s Avg:   183 Min:    14 Max:  3301 Err:     0 (0.00%)
2020-10-08 18:17:34,140 INFO o.a.j.r.Summariser: summary +     44 in 00:00:34 =    1.3/s Avg:   189 Min:    18 Max:  2897 Err:     0 (0.00%) Active: 14 Started: 14 Finished: 0
2020-10-08 18:17:34,142 INFO o.a.j.r.Summariser: summary =   3208 in 00:39:34 =    1.4/s Avg:   183 Min:    14 Max:  3301 Err:     0 (0.00%)
2020-10-08 18:18:00,007 INFO o.a.j.r.Summariser: summary +     39 in 00:00:26 =    1.5/s Avg:   136 Min:    16 Max:  1168 Err:     0 (0.00%) Active: 14 Started: 14 Finished: 0
2020-10-08 18:18:00,008 INFO o.a.j.r.Summariser: summary =   3247 in 00:40:00 =    1.4/s Avg:   183 Min:    14 Max:  3301 Err:     0 (0.00%)
2020-10-08 18:18:31,611 INFO o.a.j.r.Summariser: summary +     43 in 00:00:32 =    1.4/s Avg:   201 Min:    15 Max:  1666 Err:     0 (0.00%) Active: 14 Started: 14 Finished: 0
2020-10-08 18:18:31,615 INFO o.a.j.r.Summariser: summary =   3290 in 00:40:32 =    1.4/s Avg:   183 Min:    14 Max:  3301 Err:     0 (0.00%)
2020-10-08 18:19:00,953 INFO o.a.j.r.Summariser: summary +     38 in 00:00:29 =    1.3/s Avg:   205 Min:    20 Max:  3668 Err:     0 (0.00%) Active: 14 Started: 14 Finished: 0
2020-10-08 18:19:00,955 INFO o.a.j.r.Summariser: summary =   3328 in 00:41:01 =    1.4/s Avg:   183 Min:    14 Max:  3668 Err:     0 (0.00%)
2020-10-08 18:19:35,248 INFO o.a.j.r.Summariser: summary +     48 in 00:00:34 =    1.4/s Avg:   156 Min:    18 Max:  1641 Err:     0 (0.00%) Active: 14 Started: 14 Finished: 0
2020-10-08 18:19:35,249 INFO o.a.j.r.Summariser: summary =   3376 in 00:41:36 =    1.4/s Avg:   183 Min:    14 Max:  3668 Err:     0 (0.00%)
2020-10-08 18:20:04,124 INFO o.a.j.r.Summariser: summary +     42 in 00:00:29 =    1.5/s Avg:   100 Min:    20 Max:  1210 Err:     0 (0.00%) Active: 14 Started: 14 Finished: 0
2020-10-08 18:20:04,126 INFO o.a.j.r.Summariser: summary =   3418 in 00:42:04 =    1.4/s Avg:   182 Min:    14 Max:  3668 Err:     0 (0.00%)
2020-10-08 18:20:34,147 INFO o.a.j.r.Summariser: summary +     42 in 00:00:30 =    1.4/s Avg:   212 Min:    17 Max:  1567 Err:     0 (0.00%) Active: 14 Started: 14 Finished: 0
2020-10-08 18:20:34,148 INFO o.a.j.r.Summariser: summary =   3460 in 00:42:34 =    1.4/s Avg:   182 Min:    14 Max:  3668 Err:     0 (0.00%)
2020-10-08 18:21:02,459 INFO o.a.j.r.Summariser: summary +     40 in 00:00:28 =    1.4/s Avg:   217 Min:    20 Max:  2502 Err:     0 (0.00%) Active: 14 Started: 14 Finished: 0
2020-10-08 18:21:02,461 INFO o.a.j.r.Summariser: summary =   3500 in 00:43:03 =    1.4/s Avg:   182 Min:    14 Max:  3668 Err:     0 (0.00%)
2020-10-08 18:21:30,007 INFO o.a.j.r.Summariser: summary +     42 in 00:00:28 =    1.5/s Avg:   189 Min:    22 Max:  2504 Err:     0 (0.00%) Active: 14 Started: 14 Finished: 0
2020-10-08 18:21:30,008 INFO o.a.j.r.Summariser: summary =   3542 in 00:43:30 =    1.4/s Avg:   183 Min:    14 Max:  3668 Err:     0 (0.00%)
2020-10-08 18:22:00,019 INFO o.a.j.r.Summariser: summary +     42 in 00:00:30 =    1.4/s Avg:   391 Min:    17 Max:  2576 Err:     0 (0.00%) Active: 14 Started: 14 Finished: 0
2020-10-08 18:22:00,020 INFO o.a.j.r.Summariser: summary =   3584 in 00:44:00 =    1.4/s Avg:   185 Min:    14 Max:  3668 Err:     0 (0.00%)
2020-10-08 18:22:30,016 INFO o.a.j.r.Summariser: summary +     43 in 00:00:30 =    1.4/s Avg:   147 Min:    16 Max:  1212 Err:     0 (0.00%) Active: 14 Started: 14 Finished: 0
2020-10-08 18:22:30,018 INFO o.a.j.r.Summariser: summary =   3627 in 00:44:30 =    1.4/s Avg:   185 Min:    14 Max:  3668 Err:     0 (0.00%)
2020-10-08 18:23:00,916 INFO o.a.j.r.Summariser: summary +     37 in 00:00:31 =    1.2/s Avg:   105 Min:    23 Max:  1148 Err:     0 (0.00%) Active: 14 Started: 14 Finished: 0
2020-10-08 18:23:00,918 INFO o.a.j.r.Summariser: summary =   3664 in 00:45:01 =    1.4/s Avg:   184 Min:    14 Max:  3668 Err:     0 (0.00%)
2020-10-08 18:23:35,201 INFO o.a.j.r.Summariser: summary +     48 in 00:00:34 =    1.4/s Avg:   157 Min:    18 Max:  1687 Err:     0 (0.00%) Active: 14 Started: 14 Finished: 0
2020-10-08 18:23:35,208 INFO o.a.j.r.Summariser: summary =   3712 in 00:45:35 =    1.4/s Avg:   183 Min:    14 Max:  3668 Err:     0 (0.00%)
2020-10-08 18:24:00,005 INFO o.a.j.r.Summariser: summary +     40 in 00:00:25 =    1.6/s Avg:   113 Min:    18 Max:  1163 Err:     0 (0.00%) Active: 14 Started: 14 Finished: 0
2020-10-08 18:24:00,007 INFO o.a.j.r.Summariser: summary =   3752 in 00:46:00 =    1.4/s Avg:   183 Min:    14 Max:  3668 Err:     0 (0.00%)
2020-10-08 18:24:30,017 INFO o.a.j.r.Summariser: summary +     43 in 00:00:30 =    1.4/s Avg:   123 Min:    21 Max:  1160 Err:     0 (0.00%) Active: 14 Started: 14 Finished: 0
2020-10-08 18:24:30,019 INFO o.a.j.r.Summariser: summary =   3795 in 00:46:30 =    1.4/s Avg:   182 Min:    14 Max:  3668 Err:     0 (0.00%)
2020-10-08 18:25:00,004 INFO o.a.j.r.Summariser: summary +     42 in 00:00:30 =    1.4/s Avg:   136 Min:    21 Max:  1174 Err:     0 (0.00%) Active: 14 Started: 14 Finished: 0
2020-10-08 18:25:00,010 INFO o.a.j.r.Summariser: summary =   3837 in 00:47:00 =    1.4/s Avg:   181 Min:    14 Max:  3668 Err:     0 (0.00%)
2020-10-08 18:25:34,142 INFO o.a.j.r.Summariser: summary +     43 in 00:00:34 =    1.3/s Avg:   123 Min:    24 Max:  1154 Err:     0 (0.00%) Active: 14 Started: 14 Finished: 0
2020-10-08 18:25:34,144 INFO o.a.j.r.Summariser: summary =   3880 in 00:47:34 =    1.4/s Avg:   181 Min:    14 Max:  3668 Err:     0 (0.00%)
2020-10-08 18:26:00,006 INFO o.a.j.r.Summariser: summary +     40 in 00:00:26 =    1.5/s Avg:   137 Min:    20 Max:  1171 Err:     0 (0.00%) Active: 14 Started: 14 Finished: 0
2020-10-08 18:26:00,008 INFO o.a.j.r.Summariser: summary =   3920 in 00:48:00 =    1.4/s Avg:   180 Min:    14 Max:  3668 Err:     0 (0.00%)
2020-10-08 18:26:30,013 INFO o.a.j.r.Summariser: summary +     42 in 00:00:30 =    1.4/s Avg:   250 Min:    22 Max:  2344 Err:     0 (0.00%) Active: 14 Started: 14 Finished: 0
2020-10-08 18:26:30,014 INFO o.a.j.r.Summariser: summary =   3962 in 00:48:30 =    1.4/s Avg:   181 Min:    14 Max:  3668 Err:     0 (0.00%)
2020-10-08 18:27:00,938 INFO o.a.j.r.Summariser: summary +     38 in 00:00:31 =    1.2/s Avg:   121 Min:    18 Max:  1172 Err:     0 (0.00%) Active: 14 Started: 14 Finished: 0
2020-10-08 18:27:00,940 INFO o.a.j.r.Summariser: summary =   4000 in 00:49:01 =    1.4/s Avg:   181 Min:    14 Max:  3668 Err:     0 (0.00%)
2020-10-08 18:27:30,005 INFO o.a.j.r.Summariser: summary +     46 in 00:00:29 =    1.6/s Avg:   100 Min:    22 Max:  1175 Err:     0 (0.00%) Active: 14 Started: 14 Finished: 0
2020-10-08 18:27:30,006 INFO o.a.j.r.Summariser: summary =   4046 in 00:49:30 =    1.4/s Avg:   180 Min:    14 Max:  3668 Err:     0 (0.00%)
2020-10-08 18:28:04,127 INFO o.a.j.r.Summariser: summary +     44 in 00:00:34 =    1.3/s Avg:   235 Min:    18 Max:  1726 Err:     0 (0.00%) Active: 14 Started: 14 Finished: 0
2020-10-08 18:28:04,128 INFO o.a.j.r.Summariser: summary =   4090 in 00:50:04 =    1.4/s Avg:   180 Min:    14 Max:  3668 Err:     0 (0.00%)
2020-10-08 18:28:30,014 INFO o.a.j.r.Summariser: summary +     40 in 00:00:26 =    1.5/s Avg:   238 Min:    19 Max:  2644 Err:     0 (0.00%) Active: 14 Started: 14 Finished: 0
2020-10-08 18:28:30,016 INFO o.a.j.r.Summariser: summary =   4130 in 00:50:30 =    1.4/s Avg:   181 Min:    14 Max:  3668 Err:     0 (0.00%)
2020-10-08 18:29:00,030 INFO o.a.j.r.Summariser: summary +     42 in 00:00:30 =    1.4/s Avg:   205 Min:    18 Max:  2534 Err:     0 (0.00%) Active: 14 Started: 14 Finished: 0
2020-10-08 18:29:00,032 INFO o.a.j.r.Summariser: summary =   4172 in 00:51:00 =    1.4/s Avg:   181 Min:    14 Max:  3668 Err:     0 (0.00%)
2020-10-08 18:29:30,012 INFO o.a.j.r.Summariser: summary +     43 in 00:00:30 =    1.4/s Avg:   266 Min:    24 Max:  1668 Err:     0 (0.00%) Active: 14 Started: 14 Finished: 0
2020-10-08 18:29:30,013 INFO o.a.j.r.Summariser: summary =   4215 in 00:51:30 =    1.4/s Avg:   182 Min:    14 Max:  3668 Err:     0 (0.00%)
2020-10-08 18:30:04,109 INFO o.a.j.r.Summariser: summary +     43 in 00:00:34 =    1.3/s Avg:   155 Min:    18 Max:  1274 Err:     0 (0.00%) Active: 14 Started: 14 Finished: 0
2020-10-08 18:30:04,111 INFO o.a.j.r.Summariser: summary =   4258 in 00:52:04 =    1.4/s Avg:   182 Min:    14 Max:  3668 Err:     0 (0.00%)
2020-10-08 18:30:30,005 INFO o.a.j.r.Summariser: summary +     40 in 00:00:26 =    1.5/s Avg:   135 Min:    22 Max:  1220 Err:     0 (0.00%) Active: 14 Started: 14 Finished: 0
2020-10-08 18:30:30,007 INFO o.a.j.r.Summariser: summary =   4298 in 00:52:30 =    1.4/s Avg:   181 Min:    14 Max:  3668 Err:     0 (0.00%)
2020-10-08 18:31:00,913 INFO o.a.j.r.Summariser: summary +     38 in 00:00:31 =    1.2/s Avg:   183 Min:    23 Max:  1905 Err:     0 (0.00%) Active: 14 Started: 14 Finished: 0
2020-10-08 18:31:00,915 INFO o.a.j.r.Summariser: summary =   4336 in 00:53:01 =    1.4/s Avg:   181 Min:    14 Max:  3668 Err:     0 (0.00%)
2020-10-08 18:31:30,007 INFO o.a.j.r.Summariser: summary +     45 in 00:00:29 =    1.5/s Avg:   102 Min:    21 Max:  1198 Err:     0 (0.00%) Active: 14 Started: 14 Finished: 0
2020-10-08 18:31:30,009 INFO o.a.j.r.Summariser: summary =   4381 in 00:53:30 =    1.4/s Avg:   180 Min:    14 Max:  3668 Err:     0 (0.00%)
2020-10-08 18:32:00,008 INFO o.a.j.r.Summariser: summary +     44 in 00:00:30 =    1.5/s Avg:   124 Min:    22 Max:  1169 Err:     0 (0.00%) Active: 14 Started: 14 Finished: 0
2020-10-08 18:32:00,009 INFO o.a.j.r.Summariser: summary =   4425 in 00:54:00 =    1.4/s Avg:   180 Min:    14 Max:  3668 Err:     0 (0.00%)
2020-10-08 18:32:32,568 INFO o.a.j.r.Summariser: summary +     41 in 00:00:33 =    1.3/s Avg:   315 Min:    26 Max:  2860 Err:     0 (0.00%) Active: 14 Started: 14 Finished: 0
2020-10-08 18:32:32,573 INFO o.a.j.r.Summariser: summary =   4466 in 00:54:33 =    1.4/s Avg:   181 Min:    14 Max:  3668 Err:     0 (0.00%)
2020-10-08 18:33:04,135 INFO o.a.j.r.Summariser: summary +     44 in 00:00:32 =    1.4/s Avg:   339 Min:    18 Max:  2948 Err:     0 (0.00%) Active: 14 Started: 14 Finished: 0
2020-10-08 18:33:04,136 INFO o.a.j.r.Summariser: summary =   4510 in 00:55:04 =    1.4/s Avg:   183 Min:    14 Max:  3668 Err:     0 (0.00%)
2020-10-08 18:33:30,016 INFO o.a.j.r.Summariser: summary +     41 in 00:00:26 =    1.6/s Avg:   129 Min:    17 Max:  1210 Err:     0 (0.00%) Active: 14 Started: 14 Finished: 0
2020-10-08 18:33:30,017 INFO o.a.j.r.Summariser: summary =   4551 in 00:55:30 =    1.4/s Avg:   182 Min:    14 Max:  3668 Err:     0 (0.00%)
2020-10-08 18:34:00,029 INFO o.a.j.r.Summariser: summary +     41 in 00:00:30 =    1.4/s Avg:   168 Min:    20 Max:  1553 Err:     0 (0.00%) Active: 14 Started: 14 Finished: 0
2020-10-08 18:34:00,031 INFO o.a.j.r.Summariser: summary =   4592 in 00:56:00 =    1.4/s Avg:   182 Min:    14 Max:  3668 Err:     0 (0.00%)
2020-10-08 18:34:30,007 INFO o.a.j.r.Summariser: summary +     43 in 00:00:30 =    1.4/s Avg:   134 Min:    17 Max:  1210 Err:     0 (0.00%) Active: 14 Started: 14 Finished: 0
2020-10-08 18:34:30,008 INFO o.a.j.r.Summariser: summary =   4635 in 00:56:30 =    1.4/s Avg:   182 Min:    14 Max:  3668 Err:     0 (0.00%)
2020-10-08 18:35:00,911 INFO o.a.j.r.Summariser: summary +     37 in 00:00:31 =    1.2/s Avg:   106 Min:    21 Max:  1143 Err:     0 (0.00%) Active: 14 Started: 14 Finished: 0
2020-10-08 18:35:00,913 INFO o.a.j.r.Summariser: summary =   4672 in 00:57:01 =    1.4/s Avg:   181 Min:    14 Max:  3668 Err:     0 (0.00%)
2020-10-08 18:35:35,227 INFO o.a.j.r.Summariser: summary +     48 in 00:00:34 =    1.4/s Avg:   124 Min:    17 Max:  1202 Err:     0 (0.00%) Active: 14 Started: 14 Finished: 0
2020-10-08 18:35:35,229 INFO o.a.j.r.Summariser: summary =   4720 in 00:57:36 =    1.4/s Avg:   180 Min:    14 Max:  3668 Err:     0 (0.00%)
2020-10-08 18:36:04,138 INFO o.a.j.r.Summariser: summary +     42 in 00:00:29 =    1.5/s Avg:   252 Min:    21 Max:  2026 Err:     0 (0.00%) Active: 14 Started: 14 Finished: 0
2020-10-08 18:36:04,139 INFO o.a.j.r.Summariser: summary =   4762 in 00:58:04 =    1.4/s Avg:   181 Min:    14 Max:  3668 Err:     0 (0.00%)
2020-10-08 18:36:30,002 INFO o.a.j.r.Summariser: summary +     41 in 00:00:26 =    1.6/s Avg:   129 Min:    17 Max:  1206 Err:     0 (0.00%) Active: 14 Started: 14 Finished: 0
2020-10-08 18:36:30,004 INFO o.a.j.r.Summariser: summary =   4803 in 00:58:30 =    1.4/s Avg:   181 Min:    14 Max:  3668 Err:     0 (0.00%)
2020-10-08 18:37:00,000 INFO o.a.j.r.Summariser: summary +     41 in 00:00:30 =    1.4/s Avg:   129 Min:    18 Max:  1222 Err:     0 (0.00%) Active: 14 Started: 14 Finished: 0
2020-10-08 18:37:00,003 INFO o.a.j.r.Summariser: summary =   4844 in 00:59:00 =    1.4/s Avg:   180 Min:    14 Max:  3668 Err:     0 (0.00%)
2020-10-08 18:37:30,003 INFO o.a.j.r.Summariser: summary +     43 in 00:00:30 =    1.4/s Avg:   131 Min:    16 Max:  1185 Err:     0 (0.00%) Active: 14 Started: 14 Finished: 0
2020-10-08 18:37:30,005 INFO o.a.j.r.Summariser: summary =   4887 in 00:59:30 =    1.4/s Avg:   180 Min:    14 Max:  3668 Err:     0 (0.00%)
2020-10-08 18:38:04,114 INFO o.a.j.r.Summariser: summary +     43 in 00:00:34 =    1.3/s Avg:   201 Min:    18 Max:  1806 Err:     0 (0.00%) Active: 14 Started: 14 Finished: 0
2020-10-08 18:38:04,116 INFO o.a.j.r.Summariser: summary =   4930 in 01:00:04 =    1.4/s Avg:   180 Min:    14 Max:  3668 Err:     0 (0.00%)
2020-10-08 18:38:34,131 INFO o.a.j.r.Summariser: summary +     42 in 00:00:30 =    1.4/s Avg:   147 Min:    20 Max:  1203 Err:     0 (0.00%) Active: 14 Started: 14 Finished: 0
2020-10-08 18:38:34,134 INFO o.a.j.r.Summariser: summary =   4972 in 01:00:34 =    1.4/s Avg:   180 Min:    14 Max:  3668 Err:     0 (0.00%)
2020-10-08 18:39:00,945 INFO o.a.j.r.Summariser: summary +     36 in 00:00:27 =    1.3/s Avg:   115 Min:    17 Max:  1178 Err:     0 (0.00%) Active: 14 Started: 14 Finished: 0
2020-10-08 18:39:00,947 INFO o.a.j.r.Summariser: summary =   5008 in 01:01:01 =    1.4/s Avg:   179 Min:    14 Max:  3668 Err:     0 (0.00%)
2020-10-08 18:39:30,007 INFO o.a.j.r.Summariser: summary +     47 in 00:00:29 =    1.6/s Avg:   112 Min:    17 Max:  1192 Err:     0 (0.00%) Active: 14 Started: 14 Finished: 0
2020-10-08 18:39:30,009 INFO o.a.j.r.Summariser: summary =   5055 in 01:01:30 =    1.4/s Avg:   179 Min:    14 Max:  3668 Err:     0 (0.00%)
2020-10-08 18:40:00,023 INFO o.a.j.r.Summariser: summary +     41 in 00:00:30 =    1.4/s Avg:   132 Min:    21 Max:  1165 Err:     0 (0.00%) Active: 14 Started: 14 Finished: 0
2020-10-08 18:40:00,025 INFO o.a.j.r.Summariser: summary =   5096 in 01:02:00 =    1.4/s Avg:   178 Min:    14 Max:  3668 Err:     0 (0.00%)
2020-10-08 18:40:30,007 INFO o.a.j.r.Summariser: summary +     42 in 00:00:30 =    1.4/s Avg:   126 Min:    18 Max:  1149 Err:     0 (0.00%) Active: 14 Started: 14 Finished: 0
2020-10-08 18:40:30,008 INFO o.a.j.r.Summariser: summary =   5138 in 01:02:30 =    1.4/s Avg:   178 Min:    14 Max:  3668 Err:     0 (0.00%)
2020-10-08 18:41:00,024 INFO o.a.j.r.Summariser: summary +     43 in 00:00:30 =    1.4/s Avg:   127 Min:    24 Max:  1148 Err:     0 (0.00%) Active: 14 Started: 14 Finished: 0
2020-10-08 18:41:00,025 INFO o.a.j.r.Summariser: summary =   5181 in 01:03:00 =    1.4/s Avg:   177 Min:    14 Max:  3668 Err:     0 (0.00%)
2020-10-08 18:41:00,122 INFO o.a.j.t.JMeterThread: Stopping because end time detected by thread: jp@gc - Ultimate Thread Group (login, view all bug page) 1-14
2020-10-08 18:41:00,122 INFO o.a.j.t.JMeterThread: Thread finished: jp@gc - Ultimate Thread Group (login, view all bug page) 1-14
2020-10-08 18:41:00,479 INFO o.a.j.t.JMeterThread: Stopping because end time detected by thread: jp@gc - Ultimate Thread Group (login, view all bug page) 1-13
2020-10-08 18:41:00,479 INFO o.a.j.t.JMeterThread: Thread finished: jp@gc - Ultimate Thread Group (login, view all bug page) 1-13
2020-10-08 18:41:00,836 INFO o.a.j.t.JMeterThread: Stopping because end time detected by thread: jp@gc - Ultimate Thread Group (login, view all bug page) 1-12
2020-10-08 18:41:00,836 INFO o.a.j.t.JMeterThread: Thread finished: jp@gc - Ultimate Thread Group (login, view all bug page) 1-12
2020-10-08 18:41:01,194 INFO o.a.j.t.JMeterThread: Stopping because end time detected by thread: jp@gc - Ultimate Thread Group (login, view all bug page) 1-11
2020-10-08 18:41:01,194 INFO o.a.j.t.JMeterThread: Thread finished: jp@gc - Ultimate Thread Group (login, view all bug page) 1-11
2020-10-08 18:41:01,550 INFO o.a.j.t.JMeterThread: Stopping because end time detected by thread: jp@gc - Ultimate Thread Group (login, view all bug page) 1-10
2020-10-08 18:41:01,550 INFO o.a.j.t.JMeterThread: Thread finished: jp@gc - Ultimate Thread Group (login, view all bug page) 1-10
2020-10-08 18:41:01,908 INFO o.a.j.t.JMeterThread: Stopping because end time detected by thread: jp@gc - Ultimate Thread Group (login, view all bug page) 1-9
2020-10-08 18:41:01,908 INFO o.a.j.t.JMeterThread: Thread finished: jp@gc - Ultimate Thread Group (login, view all bug page) 1-9
2020-10-08 18:41:02,265 INFO o.a.j.t.JMeterThread: Stopping because end time detected by thread: jp@gc - Ultimate Thread Group (login, view all bug page) 1-8
2020-10-08 18:41:02,265 INFO o.a.j.t.JMeterThread: Thread finished: jp@gc - Ultimate Thread Group (login, view all bug page) 1-8
2020-10-08 18:41:02,623 INFO o.a.j.t.JMeterThread: Stopping because end time detected by thread: jp@gc - Ultimate Thread Group (login, view all bug page) 1-7
2020-10-08 18:41:02,623 INFO o.a.j.t.JMeterThread: Thread finished: jp@gc - Ultimate Thread Group (login, view all bug page) 1-7
2020-10-08 18:41:02,980 INFO o.a.j.t.JMeterThread: Stopping because end time detected by thread: jp@gc - Ultimate Thread Group (login, view all bug page) 1-6
2020-10-08 18:41:02,980 INFO o.a.j.t.JMeterThread: Thread finished: jp@gc - Ultimate Thread Group (login, view all bug page) 1-6
2020-10-08 18:41:03,337 INFO o.a.j.t.JMeterThread: Stopping because end time detected by thread: jp@gc - Ultimate Thread Group (login, view all bug page) 1-5
2020-10-08 18:41:03,337 INFO o.a.j.t.JMeterThread: Thread finished: jp@gc - Ultimate Thread Group (login, view all bug page) 1-5
2020-10-08 18:41:03,694 INFO o.a.j.t.JMeterThread: Stopping because end time detected by thread: jp@gc - Ultimate Thread Group (login, view all bug page) 1-4
2020-10-08 18:41:03,694 INFO o.a.j.t.JMeterThread: Thread finished: jp@gc - Ultimate Thread Group (login, view all bug page) 1-4
2020-10-08 18:41:04,050 INFO o.a.j.t.JMeterThread: Stopping because end time detected by thread: jp@gc - Ultimate Thread Group (login, view all bug page) 1-3
2020-10-08 18:41:04,050 INFO o.a.j.t.JMeterThread: Thread finished: jp@gc - Ultimate Thread Group (login, view all bug page) 1-3
2020-10-08 18:41:04,407 INFO o.a.j.t.JMeterThread: Stopping because end time detected by thread: jp@gc - Ultimate Thread Group (login, view all bug page) 1-2
2020-10-08 18:41:04,407 INFO o.a.j.t.JMeterThread: Thread finished: jp@gc - Ultimate Thread Group (login, view all bug page) 1-2
2020-10-08 18:41:04,765 INFO o.a.j.t.JMeterThread: Stopping because end time detected by thread: jp@gc - Ultimate Thread Group (login, view all bug page) 1-1
2020-10-08 18:41:04,765 INFO o.a.j.t.JMeterThread: Thread finished: jp@gc - Ultimate Thread Group (login, view all bug page) 1-1
2020-10-08 18:41:04,766 INFO o.a.j.e.StandardJMeterEngine: Notifying test listeners of end of test
2020-10-08 18:41:04,766 INFO o.a.j.s.FileServer: Close: mantis_users_2.csv
2020-10-08 18:41:04,766 INFO o.a.j.v.b.BackendListener: Worker ended
2020-10-08 18:41:04,766 INFO o.a.j.v.b.i.InfluxdbBackendListenerClient: Sending last metrics
2020-10-08 18:41:04,767 INFO o.a.j.v.b.i.HttpMetricsSender: Destroying 
2020-10-08 18:41:04,783 INFO o.a.j.r.Summariser: summary =   5181 in 01:03:05 =    1.4/s Avg:   177 Min:    14 Max:  3668 Err:     0 (0.00%)
